parse: 
[Event {datetime=2013-06-21 11:41:49.330369, event=connecting, data=HostnamePort(hostname='jira.youview.co.uk', port='80')},
 Event {datetime=2013-06-21 11:41:49.330481, event=connecting_ip, data=172.20.16.31},
 Event {datetime=2013-06-21 11:41:49.330817, event=connected_hostname_ip_port, data=HostnamePort(hostname='jira.youview.co.uk', ip='172.20.16.31', port='80')},
 Event {datetime=2013-06-21 11:41:49.330902, event=send_header, data=['GET / HTTP/1.1', 'User-Agent: curl/7.30.0', 'Host: jira.youview.co.uk', '...']},
 Event {datetime=2013-06-21 11:41:49.331308, event=recv_header, data=['HTTP/1.1 301 Moved Permanently', 'Date: Fri, 21 Jun 2013 10:41:49 GMT', 'Server: Apache/2.2.15 (Scientific Linux)', '...']},
 Event {datetime=2013-06-21 11:41:49.331454, event=closing_connection},
 Event {datetime=2013-06-21 11:41:49.331478, event=redirect, data=https://jira.youview.co.uk},
 Event {datetime=2013-06-21 11:41:49.332122, event=connecting, data=HostnamePort(hostname='jira.youview.co.uk', port='443')},
 Event {datetime=2013-06-21 11:41:49.332150, event=connecting_ip, data=172.20.16.31},
 Event {datetime=2013-06-21 11:41:49.332400, event=connected_hostname_ip_port, data=HostnamePort(hostname='jira.youview.co.uk', ip='172.20.16.31', port='443')},
 Event {datetime=2013-06-21 11:41:49.347290, event=ssl_client_hello},
 Event {datetime=2013-06-21 11:41:49.354104, event=ssl_client_hello},
 Event {datetime=2013-06-21 11:41:49.354151, event=ssl_server_hello},
 Event {datetime=2013-06-21 11:41:49.361439, event=ssl_client_hello},
 Event {datetime=2013-06-21 11:41:49.364312, event=ssl_client_hello},
 Event {datetime=2013-06-21 11:41:49.364544, event=ssl_finished},
 Event {datetime=2013-06-21 11:41:49.364750, event=send_header, data=['GET / HTTP/1.1', 'User-Agent: curl/7.30.0', 'Host: jira.youview.co.uk', '...']},
 Event {datetime=2013-06-21 11:41:49.366926, event=recv_header, data=['HTTP/1.1 302 Moved Temporarily', 'Date: Fri, 21 Jun 2013 10:41:49 GMT', 'Server: Apache-Coyote/1.1', '...']},
 Event {datetime=2013-06-21 11:41:49.367219, event=closing_connection},
 Event {datetime=2013-06-21 11:41:49.367267, event=ssl_client_hello},
 Event {datetime=2013-06-21 11:41:49.369166, event=redirect, data=https://jira.youview.co.uk/secure/MyJiraHome.jspa},
 Event {datetime=2013-06-21 11:41:49.369234, event=connecting, data=HostnamePort(hostname='jira.youview.co.uk', port='443')},
 Event {datetime=2013-06-21 11:41:49.369257, event=connecting_ip, data=172.20.16.31},
 Event {datetime=2013-06-21 11:41:49.369524, event=connected_hostname_ip_port, data=HostnamePort(hostname='jira.youview.co.uk', ip='172.20.16.31', port='443')},
 Event {datetime=2013-06-21 11:41:49.379400, event=ssl_client_hello},
 Event {datetime=2013-06-21 11:41:49.379862, event=ssl_client_hello},
 Event {datetime=2013-06-21 11:41:49.379903, event=ssl_server_hello},
 Event {datetime=2013-06-21 11:41:49.379951, event=ssl_client_hello},
 Event {datetime=2013-06-21 11:41:49.380158, event=ssl_client_hello},
 Event {datetime=2013-06-21 11:41:49.380221, event=ssl_finished},
 Event {datetime=2013-06-21 11:41:49.380305, event=send_header, data=['GET /secure/MyJiraHome.jspa HTTP/1.1', 'User-Agent: curl/7.30.0', 'Host: jira.youview.co.uk', '...']},
 Event {datetime=2013-06-21 11:41:49.422091, event=recv_header, data=['HTTP/1.1 302 Moved Temporarily', 'Date: Fri, 21 Jun 2013 10:41:49 GMT', 'Server: Apache-Coyote/1.1', '...']},
 Event {datetime=2013-06-21 11:41:49.422412, event=closing_connection},
 Event {datetime=2013-06-21 11:41:49.422455, event=ssl_client_hello},
 Event {datetime=2013-06-21 11:41:49.424239, event=redirect, data=https://jira.youview.co.uk/secure/Dashboard.jspa},
 Event {datetime=2013-06-21 11:41:49.424263, event=connecting, data=HostnamePort(hostname='jira.youview.co.uk', port='443')},
 Event {datetime=2013-06-21 11:41:49.424278, event=connecting_ip, data=172.20.16.31},
 Event {datetime=2013-06-21 11:41:49.424499, event=connected_hostname_ip_port, data=HostnamePort(hostname='jira.youview.co.uk', ip='172.20.16.31', port='443')},
 Event {datetime=2013-06-21 11:41:49.431642, event=ssl_client_hello},
 Event {datetime=2013-06-21 11:41:49.432171, event=ssl_client_hello},
 Event {datetime=2013-06-21 11:41:49.432214, event=ssl_server_hello},
 Event {datetime=2013-06-21 11:41:49.432266, event=ssl_client_hello},
 Event {datetime=2013-06-21 11:41:49.432422, event=ssl_client_hello},
 Event {datetime=2013-06-21 11:41:49.432485, event=ssl_finished},
 Event {datetime=2013-06-21 11:41:49.432569, event=send_header, data=['GET /secure/Dashboard.jspa HTTP/1.1', 'User-Agent: curl/7.30.0', 'Host: jira.youview.co.uk', '...']},
 Event {datetime=2013-06-21 11:41:49.501961, event=recv_header, data=['HTTP/1.1 200 OK', 'Date: Fri, 21 Jun 2013 10:41:49 GMT', 'Server: Apache-Coyote/1.1', '...']},
 Event {datetime=2013-06-21 11:41:49.506765, event=closing_connection},
 Event {datetime=2013-06-21 11:41:49.506784, event=ssl_client_hello}]
